<?xml version="1.0" encoding="UTF-8"?>
<!-- Generated by org.testng.reporters.JUnitReportReporter -->
<testsuite skipped="0" hostname="Methmal-G" name="com.zone.methmal.Hello" tests="4" failures="0" timestamp="18 Apr 2018 05:10:00 GMT" time="0.013" errors="0">
  <testcase name="main1" time="0.001" classname="com.zone.methmal.Hello"/>
  <testcase name="main" time="0.007" classname="com.zone.methmal.Hello"/>
  <testcase name="main2" time="0.003" classname="com.zone.methmal.Hello"/>
  <testcase name="main3" time="0.002" classname="com.zone.methmal.Hello"/>
</testsuite> <!-- com.zone.methmal.Hello -->
